<?xml version="1.0" encoding="UTF-8"?>
<testsuites>
  <testsuite name="" tests="81" assertions="192" errors="0" warnings="0" failures="0" skipped="0" time="0.231358">
    <testsuite name="Project Test Suite" tests="81" assertions="192" errors="0" warnings="0" failures="0" skipped="0" time="0.231358">
      <testsuite name="App\BlackJack\BankTest" file="/home/abed/dbwebb-kurser/mvc/me/report/tests/BlackJack/BankTest.php" tests="8" assertions="24" errors="0" warnings="0" failures="0" skipped="0" time="0.051276">
        <testcase name="testCreateBank" class="App\BlackJack\BankTest" classname="App.BlackJack.BankTest" file="/home/abed/dbwebb-kurser/mvc/me/report/tests/BlackJack/BankTest.php" line="17" assertions="1" time="0.012359"/>
        <testcase name="testGetHandBank" class="App\BlackJack\BankTest" classname="App.BlackJack.BankTest" file="/home/abed/dbwebb-kurser/mvc/me/report/tests/BlackJack/BankTest.php" line="28" assertions="5" time="0.028135"/>
        <testcase name="testGetScoreBank" class="App\BlackJack\BankTest" classname="App.BlackJack.BankTest" file="/home/abed/dbwebb-kurser/mvc/me/report/tests/BlackJack/BankTest.php" line="57" assertions="3" time="0.001010"/>
        <testcase name="testGetScoreEssBank" class="App\BlackJack\BankTest" classname="App.BlackJack.BankTest" file="/home/abed/dbwebb-kurser/mvc/me/report/tests/BlackJack/BankTest.php" line="84" assertions="3" time="0.001160"/>
        <testcase name="testResetHand" class="App\BlackJack\BankTest" classname="App.BlackJack.BankTest" file="/home/abed/dbwebb-kurser/mvc/me/report/tests/BlackJack/BankTest.php" line="115" assertions="6" time="0.003002"/>
        <testcase name="testStrategies" class="App\BlackJack\BankTest" classname="App.BlackJack.BankTest" file="/home/abed/dbwebb-kurser/mvc/me/report/tests/BlackJack/BankTest.php" line="140" assertions="2" time="0.000883"/>
        <testcase name="testAdvancedStrategy" class="App\BlackJack\BankTest" classname="App.BlackJack.BankTest" file="/home/abed/dbwebb-kurser/mvc/me/report/tests/BlackJack/BankTest.php" line="168" assertions="2" time="0.003025"/>
        <testcase name="testAdvancedStrategy2" class="App\BlackJack\BankTest" classname="App.BlackJack.BankTest" file="/home/abed/dbwebb-kurser/mvc/me/report/tests/BlackJack/BankTest.php" line="197" assertions="2" time="0.001702"/>
      </testsuite>
      <testsuite name="App\BlackJack\CardTest" file="/home/abed/dbwebb-kurser/mvc/me/report/tests/BlackJack/CardsTest.php" tests="4" assertions="7" errors="0" warnings="0" failures="0" skipped="0" time="0.002663">
        <testcase name="testCreateCard" class="App\BlackJack\CardTest" classname="App.BlackJack.CardTest" file="/home/abed/dbwebb-kurser/mvc/me/report/tests/BlackJack/CardsTest.php" line="17" assertions="1" time="0.000424"/>
        <testcase name="testGetValueCard" class="App\BlackJack\CardTest" classname="App.BlackJack.CardTest" file="/home/abed/dbwebb-kurser/mvc/me/report/tests/BlackJack/CardsTest.php" line="28" assertions="2" time="0.000455"/>
        <testcase name="testGetSuitCard" class="App\BlackJack\CardTest" classname="App.BlackJack.CardTest" file="/home/abed/dbwebb-kurser/mvc/me/report/tests/BlackJack/CardsTest.php" line="42" assertions="2" time="0.000367"/>
        <testcase name="testGetCard" class="App\BlackJack\CardTest" classname="App.BlackJack.CardTest" file="/home/abed/dbwebb-kurser/mvc/me/report/tests/BlackJack/CardsTest.php" line="56" assertions="2" time="0.001418"/>
      </testsuite>
      <testsuite name="App\BlackJack\CounterTest" file="/home/abed/dbwebb-kurser/mvc/me/report/tests/BlackJack/CounterTest.php" tests="4" assertions="9" errors="0" warnings="0" failures="0" skipped="0" time="0.002338">
        <testcase name="testCreateCounter" class="App\BlackJack\CounterTest" classname="App.BlackJack.CounterTest" file="/home/abed/dbwebb-kurser/mvc/me/report/tests/BlackJack/CounterTest.php" line="17" assertions="1" time="0.000386"/>
        <testcase name="testUpdateStatistics" class="App\BlackJack\CounterTest" classname="App.BlackJack.CounterTest" file="/home/abed/dbwebb-kurser/mvc/me/report/tests/BlackJack/CounterTest.php" line="33" assertions="2" time="0.000392"/>
        <testcase name="testGetRunningCount" class="App\BlackJack\CounterTest" classname="App.BlackJack.CounterTest" file="/home/abed/dbwebb-kurser/mvc/me/report/tests/BlackJack/CounterTest.php" line="50" assertions="3" time="0.001079"/>
        <testcase name="testProbabilityOfBusting" class="App\BlackJack\CounterTest" classname="App.BlackJack.CounterTest" file="/home/abed/dbwebb-kurser/mvc/me/report/tests/BlackJack/CounterTest.php" line="69" assertions="3" time="0.000481"/>
      </testsuite>
      <testsuite name="App\BlackJack\DeckOfCardsTest" file="/home/abed/dbwebb-kurser/mvc/me/report/tests/BlackJack/DeckOfCardsTest.php" tests="10" assertions="20" errors="0" warnings="0" failures="0" skipped="0" time="0.105681">
        <testcase name="testCreateDeckOfCard" class="App\BlackJack\DeckOfCardsTest" classname="App.BlackJack.DeckOfCardsTest" file="/home/abed/dbwebb-kurser/mvc/me/report/tests/BlackJack/DeckOfCardsTest.php" line="17" assertions="1" time="0.001669"/>
        <testcase name="testGetCards" class="App\BlackJack\DeckOfCardsTest" classname="App.BlackJack.DeckOfCardsTest" file="/home/abed/dbwebb-kurser/mvc/me/report/tests/BlackJack/DeckOfCardsTest.php" line="28" assertions="2" time="0.002241"/>
        <testcase name="testShuffleCards" class="App\BlackJack\DeckOfCardsTest" classname="App.BlackJack.DeckOfCardsTest" file="/home/abed/dbwebb-kurser/mvc/me/report/tests/BlackJack/DeckOfCardsTest.php" line="42" assertions="3" time="0.080976"/>
        <testcase name="testCountCards" class="App\BlackJack\DeckOfCardsTest" classname="App.BlackJack.DeckOfCardsTest" file="/home/abed/dbwebb-kurser/mvc/me/report/tests/BlackJack/DeckOfCardsTest.php" line="59" assertions="1" time="0.001768"/>
        <testcase name="testDrawCards" class="App\BlackJack\DeckOfCardsTest" classname="App.BlackJack.DeckOfCardsTest" file="/home/abed/dbwebb-kurser/mvc/me/report/tests/BlackJack/DeckOfCardsTest.php" line="72" assertions="3" time="0.005195"/>
        <testcase name="testGetStatistics" class="App\BlackJack\DeckOfCardsTest" classname="App.BlackJack.DeckOfCardsTest" file="/home/abed/dbwebb-kurser/mvc/me/report/tests/BlackJack/DeckOfCardsTest.php" line="91" assertions="2" time="0.001768"/>
        <testcase name="testGetAdviceHigh" class="App\BlackJack\DeckOfCardsTest" classname="App.BlackJack.DeckOfCardsTest" file="/home/abed/dbwebb-kurser/mvc/me/report/tests/BlackJack/DeckOfCardsTest.php" line="119" assertions="2" time="0.003278"/>
        <testcase name="testGetAdviceLow" class="App\BlackJack\DeckOfCardsTest" classname="App.BlackJack.DeckOfCardsTest" file="/home/abed/dbwebb-kurser/mvc/me/report/tests/BlackJack/DeckOfCardsTest.php" line="137" assertions="2" time="0.004375"/>
        <testcase name="testGetAdviceMainten" class="App\BlackJack\DeckOfCardsTest" classname="App.BlackJack.DeckOfCardsTest" file="/home/abed/dbwebb-kurser/mvc/me/report/tests/BlackJack/DeckOfCardsTest.php" line="155" assertions="2" time="0.002361"/>
        <testcase name="testProbabilityOfBusting" class="App\BlackJack\DeckOfCardsTest" classname="App.BlackJack.DeckOfCardsTest" file="/home/abed/dbwebb-kurser/mvc/me/report/tests/BlackJack/DeckOfCardsTest.php" line="171" assertions="2" time="0.002049"/>
      </testsuite>
      <testsuite name="App\BlackJack\GameTest" file="/home/abed/dbwebb-kurser/mvc/me/report/tests/BlackJack/GameTest.php" tests="8" assertions="20" errors="0" warnings="0" failures="0" skipped="0" time="0.010455">
        <testcase name="testCreateGame" class="App\BlackJack\GameTest" classname="App.BlackJack.GameTest" file="/home/abed/dbwebb-kurser/mvc/me/report/tests/BlackJack/GameTest.php" line="22" assertions="3" time="0.002733"/>
        <testcase name="testChangeNumHands" class="App\BlackJack\GameTest" classname="App.BlackJack.GameTest" file="/home/abed/dbwebb-kurser/mvc/me/report/tests/BlackJack/GameTest.php" line="37" assertions="3" time="0.000486"/>
        <testcase name="testChangeIntelligenceLevel" class="App\BlackJack\GameTest" classname="App.BlackJack.GameTest" file="/home/abed/dbwebb-kurser/mvc/me/report/tests/BlackJack/GameTest.php" line="54" assertions="3" time="0.000402"/>
        <testcase name="testShareCards" class="App\BlackJack\GameTest" classname="App.BlackJack.GameTest" file="/home/abed/dbwebb-kurser/mvc/me/report/tests/BlackJack/GameTest.php" line="72" assertions="4" time="0.001830"/>
        <testcase name="testPlayerSplit" class="App\BlackJack\GameTest" classname="App.BlackJack.GameTest" file="/home/abed/dbwebb-kurser/mvc/me/report/tests/BlackJack/GameTest.php" line="103" assertions="2" time="0.000983"/>
        <testcase name="testWinners" class="App\BlackJack\GameTest" classname="App.BlackJack.GameTest" file="/home/abed/dbwebb-kurser/mvc/me/report/tests/BlackJack/GameTest.php" line="140" assertions="2" time="0.002290"/>
        <testcase name="testWinners2" class="App\BlackJack\GameTest" classname="App.BlackJack.GameTest" file="/home/abed/dbwebb-kurser/mvc/me/report/tests/BlackJack/GameTest.php" line="169" assertions="2" time="0.000937"/>
        <testcase name="testDrawGame" class="App\BlackJack\GameTest" classname="App.BlackJack.GameTest" file="/home/abed/dbwebb-kurser/mvc/me/report/tests/BlackJack/GameTest.php" line="205" assertions="1" time="0.000793"/>
      </testsuite>
      <testsuite name="App\BlackJack\GraficCardTest" file="/home/abed/dbwebb-kurser/mvc/me/report/tests/BlackJack/GraficCardTest.php" tests="2" assertions="3" errors="0" warnings="0" failures="0" skipped="0" time="0.001102">
        <testcase name="testCreateCard" class="App\BlackJack\GraficCardTest" classname="App.BlackJack.GraficCardTest" file="/home/abed/dbwebb-kurser/mvc/me/report/tests/BlackJack/GraficCardTest.php" line="17" assertions="1" time="0.000657"/>
        <testcase name="testGetCard" class="App\BlackJack\GraficCardTest" classname="App.BlackJack.GraficCardTest" file="/home/abed/dbwebb-kurser/mvc/me/report/tests/BlackJack/GraficCardTest.php" line="28" assertions="2" time="0.000445"/>
      </testsuite>
      <testsuite name="App\BlackJack\PlayerSecondTest" file="/home/abed/dbwebb-kurser/mvc/me/report/tests/BlackJack/PlayerSecondTest.php" tests="6" assertions="27" errors="0" warnings="0" failures="0" skipped="0" time="0.003930">
        <testcase name="testBetting" class="App\BlackJack\PlayerSecondTest" classname="App.BlackJack.PlayerSecondTest" file="/home/abed/dbwebb-kurser/mvc/me/report/tests/BlackJack/PlayerSecondTest.php" line="12" assertions="6" time="0.000566"/>
        <testcase name="testWinTokens" class="App\BlackJack\PlayerSecondTest" classname="App.BlackJack.PlayerSecondTest" file="/home/abed/dbwebb-kurser/mvc/me/report/tests/BlackJack/PlayerSecondTest.php" line="42" assertions="2" time="0.000473"/>
        <testcase name="testEqual" class="App\BlackJack\PlayerSecondTest" classname="App.BlackJack.PlayerSecondTest" file="/home/abed/dbwebb-kurser/mvc/me/report/tests/BlackJack/PlayerSecondTest.php" line="58" assertions="2" time="0.000355"/>
        <testcase name="testGetSetHands" class="App\BlackJack\PlayerSecondTest" classname="App.BlackJack.PlayerSecondTest" file="/home/abed/dbwebb-kurser/mvc/me/report/tests/BlackJack/PlayerSecondTest.php" line="74" assertions="2" time="0.000412"/>
        <testcase name="testSplitHands" class="App\BlackJack\PlayerSecondTest" classname="App.BlackJack.PlayerSecondTest" file="/home/abed/dbwebb-kurser/mvc/me/report/tests/BlackJack/PlayerSecondTest.php" line="89" assertions="4" time="0.001133"/>
        <testcase name="testSplit" class="App\BlackJack\PlayerSecondTest" classname="App.BlackJack.PlayerSecondTest" file="/home/abed/dbwebb-kurser/mvc/me/report/tests/BlackJack/PlayerSecondTest.php" line="128" assertions="11" time="0.000992"/>
      </testsuite>
      <testsuite name="App\BlackJack\PlayerTest" file="/home/abed/dbwebb-kurser/mvc/me/report/tests/BlackJack/PlayerTest.php" tests="7" assertions="21" errors="0" warnings="0" failures="0" skipped="0" time="0.007107">
        <testcase name="testCreatePlayer" class="App\BlackJack\PlayerTest" classname="App.BlackJack.PlayerTest" file="/home/abed/dbwebb-kurser/mvc/me/report/tests/BlackJack/PlayerTest.php" line="17" assertions="1" time="0.000558"/>
        <testcase name="testGetHandPlayer" class="App\BlackJack\PlayerTest" classname="App.BlackJack.PlayerTest" file="/home/abed/dbwebb-kurser/mvc/me/report/tests/BlackJack/PlayerTest.php" line="28" assertions="10" time="0.001802"/>
        <testcase name="testBalance" class="App\BlackJack\PlayerTest" classname="App.BlackJack.PlayerTest" file="/home/abed/dbwebb-kurser/mvc/me/report/tests/BlackJack/PlayerTest.php" line="64" assertions="1" time="0.000378"/>
        <testcase name="testHands" class="App\BlackJack\PlayerTest" classname="App.BlackJack.PlayerTest" file="/home/abed/dbwebb-kurser/mvc/me/report/tests/BlackJack/PlayerTest.php" line="72" assertions="3" time="0.000567"/>
        <testcase name="testLogicPlayer" class="App\BlackJack\PlayerTest" classname="App.BlackJack.PlayerTest" file="/home/abed/dbwebb-kurser/mvc/me/report/tests/BlackJack/PlayerTest.php" line="93" assertions="2" time="0.001240"/>
        <testcase name="testGetScorePlayer" class="App\BlackJack\PlayerTest" classname="App.BlackJack.PlayerTest" file="/home/abed/dbwebb-kurser/mvc/me/report/tests/BlackJack/PlayerTest.php" line="121" assertions="3" time="0.001233"/>
        <testcase name="testGetScoreEssPlayer" class="App\BlackJack\PlayerTest" classname="App.BlackJack.PlayerTest" file="/home/abed/dbwebb-kurser/mvc/me/report/tests/BlackJack/PlayerTest.php" line="161" assertions="1" time="0.001328"/>
      </testsuite>
      <testsuite name="App\Entity\BooksTest" file="/home/abed/dbwebb-kurser/mvc/me/report/tests/Books/BooksTest.php" tests="4" assertions="4" errors="0" warnings="0" failures="0" skipped="0" time="0.002692">
        <testcase name="testSetAndGetTitle" class="App\Entity\BooksTest" classname="App.Entity.BooksTest" file="/home/abed/dbwebb-kurser/mvc/me/report/tests/Books/BooksTest.php" line="19" assertions="1" time="0.001499"/>
        <testcase name="testSetAndGetIsbn" class="App\Entity\BooksTest" classname="App.Entity.BooksTest" file="/home/abed/dbwebb-kurser/mvc/me/report/tests/Books/BooksTest.php" line="27" assertions="1" time="0.000481"/>
        <testcase name="testSetAndGetAuthor" class="App\Entity\BooksTest" classname="App.Entity.BooksTest" file="/home/abed/dbwebb-kurser/mvc/me/report/tests/Books/BooksTest.php" line="35" assertions="1" time="0.000357"/>
        <testcase name="testSetAndGetImageUrl" class="App\Entity\BooksTest" classname="App.Entity.BooksTest" file="/home/abed/dbwebb-kurser/mvc/me/report/tests/Books/BooksTest.php" line="43" assertions="1" time="0.000355"/>
      </testsuite>
      <testsuite name="App\Game\BankTest" file="/home/abed/dbwebb-kurser/mvc/me/report/tests/Game/BankTest.php" tests="5" assertions="9" errors="0" warnings="0" failures="0" skipped="0" time="0.010364">
        <testcase name="testCreateBank" class="App\Game\BankTest" classname="App.Game.BankTest" file="/home/abed/dbwebb-kurser/mvc/me/report/tests/Game/BankTest.php" line="17" assertions="1" time="0.001071"/>
        <testcase name="testGetHandBank" class="App\Game\BankTest" classname="App.Game.BankTest" file="/home/abed/dbwebb-kurser/mvc/me/report/tests/Game/BankTest.php" line="28" assertions="5" time="0.005469"/>
        <testcase name="testGetScoreBank" class="App\Game\BankTest" classname="App.Game.BankTest" file="/home/abed/dbwebb-kurser/mvc/me/report/tests/Game/BankTest.php" line="52" assertions="1" time="0.000461"/>
        <testcase name="testGetScoreEssBank" class="App\Game\BankTest" classname="App.Game.BankTest" file="/home/abed/dbwebb-kurser/mvc/me/report/tests/Game/BankTest.php" line="73" assertions="1" time="0.000677"/>
        <testcase name="testLogicBank" class="App\Game\BankTest" classname="App.Game.BankTest" file="/home/abed/dbwebb-kurser/mvc/me/report/tests/Game/BankTest.php" line="93" assertions="1" time="0.002686"/>
      </testsuite>
      <testsuite name="App\Game\CardTest" file="/home/abed/dbwebb-kurser/mvc/me/report/tests/Game/CardsTest.php" tests="4" assertions="7" errors="0" warnings="0" failures="0" skipped="0" time="0.001627">
        <testcase name="testCreateCard" class="App\Game\CardTest" classname="App.Game.CardTest" file="/home/abed/dbwebb-kurser/mvc/me/report/tests/Game/CardsTest.php" line="17" assertions="1" time="0.000441"/>
        <testcase name="testGetValueCard" class="App\Game\CardTest" classname="App.Game.CardTest" file="/home/abed/dbwebb-kurser/mvc/me/report/tests/Game/CardsTest.php" line="28" assertions="2" time="0.000439"/>
        <testcase name="testGetSuitCard" class="App\Game\CardTest" classname="App.Game.CardTest" file="/home/abed/dbwebb-kurser/mvc/me/report/tests/Game/CardsTest.php" line="42" assertions="2" time="0.000371"/>
        <testcase name="testGetCard" class="App\Game\CardTest" classname="App.Game.CardTest" file="/home/abed/dbwebb-kurser/mvc/me/report/tests/Game/CardsTest.php" line="56" assertions="2" time="0.000377"/>
      </testsuite>
      <testsuite name="App\Game\DeckOfCardsTest" file="/home/abed/dbwebb-kurser/mvc/me/report/tests/Game/DeckOfCardsTest.php" tests="5" assertions="10" errors="0" warnings="0" failures="0" skipped="0" time="0.018479">
        <testcase name="testCreateDeckOfCard" class="App\Game\DeckOfCardsTest" classname="App.Game.DeckOfCardsTest" file="/home/abed/dbwebb-kurser/mvc/me/report/tests/Game/DeckOfCardsTest.php" line="17" assertions="1" time="0.000617"/>
        <testcase name="testGetCards" class="App\Game\DeckOfCardsTest" classname="App.Game.DeckOfCardsTest" file="/home/abed/dbwebb-kurser/mvc/me/report/tests/Game/DeckOfCardsTest.php" line="28" assertions="2" time="0.000599"/>
        <testcase name="testShuffleCards" class="App\Game\DeckOfCardsTest" classname="App.Game.DeckOfCardsTest" file="/home/abed/dbwebb-kurser/mvc/me/report/tests/Game/DeckOfCardsTest.php" line="42" assertions="3" time="0.015797"/>
        <testcase name="testCountCards" class="App\Game\DeckOfCardsTest" classname="App.Game.DeckOfCardsTest" file="/home/abed/dbwebb-kurser/mvc/me/report/tests/Game/DeckOfCardsTest.php" line="59" assertions="1" time="0.000733"/>
        <testcase name="testDrawCards" class="App\Game\DeckOfCardsTest" classname="App.Game.DeckOfCardsTest" file="/home/abed/dbwebb-kurser/mvc/me/report/tests/Game/DeckOfCardsTest.php" line="72" assertions="3" time="0.000734"/>
      </testsuite>
      <testsuite name="App\Game\GameTest" file="/home/abed/dbwebb-kurser/mvc/me/report/tests/Game/GameTest.php" tests="5" assertions="15" errors="0" warnings="0" failures="0" skipped="0" time="0.004812">
        <testcase name="testCreateGame" class="App\Game\GameTest" classname="App.Game.GameTest" file="/home/abed/dbwebb-kurser/mvc/me/report/tests/Game/GameTest.php" line="22" assertions="3" time="0.001587"/>
        <testcase name="testPlayerWinGame" class="App\Game\GameTest" classname="App.Game.GameTest" file="/home/abed/dbwebb-kurser/mvc/me/report/tests/Game/GameTest.php" line="37" assertions="3" time="0.001308"/>
        <testcase name="testBankWinGame" class="App\Game\GameTest" classname="App.Game.GameTest" file="/home/abed/dbwebb-kurser/mvc/me/report/tests/Game/GameTest.php" line="63" assertions="3" time="0.000519"/>
        <testcase name="testBankLoseGame" class="App\Game\GameTest" classname="App.Game.GameTest" file="/home/abed/dbwebb-kurser/mvc/me/report/tests/Game/GameTest.php" line="90" assertions="3" time="0.000575"/>
        <testcase name="testDrawGame" class="App\Game\GameTest" classname="App.Game.GameTest" file="/home/abed/dbwebb-kurser/mvc/me/report/tests/Game/GameTest.php" line="115" assertions="3" time="0.000824"/>
      </testsuite>
      <testsuite name="App\Game\GraficCardTest" file="/home/abed/dbwebb-kurser/mvc/me/report/tests/Game/GraficCardTest.php" tests="2" assertions="3" errors="0" warnings="0" failures="0" skipped="0" time="0.001506">
        <testcase name="testCreateCard" class="App\Game\GraficCardTest" classname="App.Game.GraficCardTest" file="/home/abed/dbwebb-kurser/mvc/me/report/tests/Game/GraficCardTest.php" line="17" assertions="1" time="0.000444"/>
        <testcase name="testGetCard" class="App\Game\GraficCardTest" classname="App.Game.GraficCardTest" file="/home/abed/dbwebb-kurser/mvc/me/report/tests/Game/GraficCardTest.php" line="28" assertions="2" time="0.001063"/>
      </testsuite>
      <testsuite name="App\Game\PlayerTest" file="/home/abed/dbwebb-kurser/mvc/me/report/tests/Game/PlayerTest.php" tests="5" assertions="10" errors="0" warnings="0" failures="0" skipped="0" time="0.005468">
        <testcase name="testCreatePlayer" class="App\Game\PlayerTest" classname="App.Game.PlayerTest" file="/home/abed/dbwebb-kurser/mvc/me/report/tests/Game/PlayerTest.php" line="17" assertions="1" time="0.000706"/>
        <testcase name="testGetHandPlayer" class="App\Game\PlayerTest" classname="App.Game.PlayerTest" file="/home/abed/dbwebb-kurser/mvc/me/report/tests/Game/PlayerTest.php" line="28" assertions="5" time="0.000972"/>
        <testcase name="testGetScorePlayer" class="App\Game\PlayerTest" classname="App.Game.PlayerTest" file="/home/abed/dbwebb-kurser/mvc/me/report/tests/Game/PlayerTest.php" line="56" assertions="1" time="0.001041"/>
        <testcase name="testGetScoreEssPlayer" class="App\Game\PlayerTest" classname="App.Game.PlayerTest" file="/home/abed/dbwebb-kurser/mvc/me/report/tests/Game/PlayerTest.php" line="88" assertions="1" time="0.000830"/>
        <testcase name="testLogicPlayer" class="App\Game\PlayerTest" classname="App.Game.PlayerTest" file="/home/abed/dbwebb-kurser/mvc/me/report/tests/Game/PlayerTest.php" line="112" assertions="2" time="0.001918"/>
      </testsuite>
      <testsuite name="App\Game\UnicodeCardsTest" file="/home/abed/dbwebb-kurser/mvc/me/report/tests/Game/UnicodeCardsTest.php" tests="2" assertions="3" errors="0" warnings="0" failures="0" skipped="0" time="0.001856">
        <testcase name="testCreateUnicodeCard" class="App\Game\UnicodeCardsTest" classname="App.Game.UnicodeCardsTest" file="/home/abed/dbwebb-kurser/mvc/me/report/tests/Game/UnicodeCardsTest.php" line="17" assertions="1" time="0.001400"/>
        <testcase name="testGetCard" class="App\Game\UnicodeCardsTest" classname="App.Game.UnicodeCardsTest" file="/home/abed/dbwebb-kurser/mvc/me/report/tests/Game/UnicodeCardsTest.php" line="28" assertions="2" time="0.000456"/>
      </testsuite>
    </testsuite>
  </testsuite>
</testsuites>
