<?xml version="1.0" encoding="UTF-8"?>
<testsuites>
  <testsuite name="" tests="81" assertions="192" errors="0" warnings="0" failures="0" skipped="0" time="0.220532">
    <testsuite name="Project Test Suite" tests="81" assertions="192" errors="0" warnings="0" failures="0" skipped="0" time="0.220532">
      <testsuite name="App\BlackJack\BankTest" file="/home/abed/dbwebb-kurser/mvc/me/report/tests/BlackJack/BankTest.php" tests="8" assertions="24" errors="0" warnings="0" failures="0" skipped="0" time="0.046925">
        <testcase name="testCreateBank" class="App\BlackJack\BankTest" classname="App.BlackJack.BankTest" file="/home/abed/dbwebb-kurser/mvc/me/report/tests/BlackJack/BankTest.php" line="17" assertions="1" time="0.011968"/>
        <testcase name="testGetHandBank" class="App\BlackJack\BankTest" classname="App.BlackJack.BankTest" file="/home/abed/dbwebb-kurser/mvc/me/report/tests/BlackJack/BankTest.php" line="28" assertions="5" time="0.022483"/>
        <testcase name="testGetScoreBank" class="App\BlackJack\BankTest" classname="App.BlackJack.BankTest" file="/home/abed/dbwebb-kurser/mvc/me/report/tests/BlackJack/BankTest.php" line="57" assertions="3" time="0.001019"/>
        <testcase name="testGetScoreEssBank" class="App\BlackJack\BankTest" classname="App.BlackJack.BankTest" file="/home/abed/dbwebb-kurser/mvc/me/report/tests/BlackJack/BankTest.php" line="84" assertions="3" time="0.001054"/>
        <testcase name="testResetHand" class="App\BlackJack\BankTest" classname="App.BlackJack.BankTest" file="/home/abed/dbwebb-kurser/mvc/me/report/tests/BlackJack/BankTest.php" line="115" assertions="6" time="0.003454"/>
        <testcase name="testStrategies" class="App\BlackJack\BankTest" classname="App.BlackJack.BankTest" file="/home/abed/dbwebb-kurser/mvc/me/report/tests/BlackJack/BankTest.php" line="140" assertions="2" time="0.001355"/>
        <testcase name="testAdvancedStrategy" class="App\BlackJack\BankTest" classname="App.BlackJack.BankTest" file="/home/abed/dbwebb-kurser/mvc/me/report/tests/BlackJack/BankTest.php" line="168" assertions="2" time="0.003977"/>
        <testcase name="testAdvancedStrategy2" class="App\BlackJack\BankTest" classname="App.BlackJack.BankTest" file="/home/abed/dbwebb-kurser/mvc/me/report/tests/BlackJack/BankTest.php" line="197" assertions="2" time="0.001616"/>
      </testsuite>
      <testsuite name="App\BlackJack\CardTest" file="/home/abed/dbwebb-kurser/mvc/me/report/tests/BlackJack/CardsTest.php" tests="4" assertions="7" errors="0" warnings="0" failures="0" skipped="0" time="0.001512">
        <testcase name="testCreateCard" class="App\BlackJack\CardTest" classname="App.BlackJack.CardTest" file="/home/abed/dbwebb-kurser/mvc/me/report/tests/BlackJack/CardsTest.php" line="17" assertions="1" time="0.000401"/>
        <testcase name="testGetValueCard" class="App\BlackJack\CardTest" classname="App.BlackJack.CardTest" file="/home/abed/dbwebb-kurser/mvc/me/report/tests/BlackJack/CardsTest.php" line="28" assertions="2" time="0.000395"/>
        <testcase name="testGetSuitCard" class="App\BlackJack\CardTest" classname="App.BlackJack.CardTest" file="/home/abed/dbwebb-kurser/mvc/me/report/tests/BlackJack/CardsTest.php" line="42" assertions="2" time="0.000353"/>
        <testcase name="testGetCard" class="App\BlackJack\CardTest" classname="App.BlackJack.CardTest" file="/home/abed/dbwebb-kurser/mvc/me/report/tests/BlackJack/CardsTest.php" line="56" assertions="2" time="0.000362"/>
      </testsuite>
      <testsuite name="App\BlackJack\CounterTest" file="/home/abed/dbwebb-kurser/mvc/me/report/tests/BlackJack/CounterTest.php" tests="4" assertions="9" errors="0" warnings="0" failures="0" skipped="0" time="0.003433">
        <testcase name="testCreateCounter" class="App\BlackJack\CounterTest" classname="App.BlackJack.CounterTest" file="/home/abed/dbwebb-kurser/mvc/me/report/tests/BlackJack/CounterTest.php" line="17" assertions="1" time="0.000859"/>
        <testcase name="testUpdateStatistics" class="App\BlackJack\CounterTest" classname="App.BlackJack.CounterTest" file="/home/abed/dbwebb-kurser/mvc/me/report/tests/BlackJack/CounterTest.php" line="33" assertions="2" time="0.000637"/>
        <testcase name="testGetRunningCount" class="App\BlackJack\CounterTest" classname="App.BlackJack.CounterTest" file="/home/abed/dbwebb-kurser/mvc/me/report/tests/BlackJack/CounterTest.php" line="50" assertions="3" time="0.001464"/>
        <testcase name="testProbabilityOfBusting" class="App\BlackJack\CounterTest" classname="App.BlackJack.CounterTest" file="/home/abed/dbwebb-kurser/mvc/me/report/tests/BlackJack/CounterTest.php" line="69" assertions="3" time="0.000472"/>
      </testsuite>
      <testsuite name="App\BlackJack\DeckOfCardsTest" file="/home/abed/dbwebb-kurser/mvc/me/report/tests/BlackJack/DeckOfCardsTest.php" tests="10" assertions="20" errors="0" warnings="0" failures="0" skipped="0" time="0.104345">
        <testcase name="testCreateDeckOfCard" class="App\BlackJack\DeckOfCardsTest" classname="App.BlackJack.DeckOfCardsTest" file="/home/abed/dbwebb-kurser/mvc/me/report/tests/BlackJack/DeckOfCardsTest.php" line="17" assertions="1" time="0.001745"/>
        <testcase name="testGetCards" class="App\BlackJack\DeckOfCardsTest" classname="App.BlackJack.DeckOfCardsTest" file="/home/abed/dbwebb-kurser/mvc/me/report/tests/BlackJack/DeckOfCardsTest.php" line="28" assertions="2" time="0.003376"/>
        <testcase name="testShuffleCards" class="App\BlackJack\DeckOfCardsTest" classname="App.BlackJack.DeckOfCardsTest" file="/home/abed/dbwebb-kurser/mvc/me/report/tests/BlackJack/DeckOfCardsTest.php" line="42" assertions="3" time="0.077832"/>
        <testcase name="testCountCards" class="App\BlackJack\DeckOfCardsTest" classname="App.BlackJack.DeckOfCardsTest" file="/home/abed/dbwebb-kurser/mvc/me/report/tests/BlackJack/DeckOfCardsTest.php" line="59" assertions="1" time="0.001868"/>
        <testcase name="testDrawCards" class="App\BlackJack\DeckOfCardsTest" classname="App.BlackJack.DeckOfCardsTest" file="/home/abed/dbwebb-kurser/mvc/me/report/tests/BlackJack/DeckOfCardsTest.php" line="72" assertions="3" time="0.001774"/>
        <testcase name="testGetStatistics" class="App\BlackJack\DeckOfCardsTest" classname="App.BlackJack.DeckOfCardsTest" file="/home/abed/dbwebb-kurser/mvc/me/report/tests/BlackJack/DeckOfCardsTest.php" line="91" assertions="2" time="0.001814"/>
        <testcase name="testGetAdviceHigh" class="App\BlackJack\DeckOfCardsTest" classname="App.BlackJack.DeckOfCardsTest" file="/home/abed/dbwebb-kurser/mvc/me/report/tests/BlackJack/DeckOfCardsTest.php" line="119" assertions="2" time="0.007673"/>
        <testcase name="testGetAdviceLow" class="App\BlackJack\DeckOfCardsTest" classname="App.BlackJack.DeckOfCardsTest" file="/home/abed/dbwebb-kurser/mvc/me/report/tests/BlackJack/DeckOfCardsTest.php" line="137" assertions="2" time="0.002004"/>
        <testcase name="testGetAdviceMainten" class="App\BlackJack\DeckOfCardsTest" classname="App.BlackJack.DeckOfCardsTest" file="/home/abed/dbwebb-kurser/mvc/me/report/tests/BlackJack/DeckOfCardsTest.php" line="155" assertions="2" time="0.001920"/>
        <testcase name="testProbabilityOfBusting" class="App\BlackJack\DeckOfCardsTest" classname="App.BlackJack.DeckOfCardsTest" file="/home/abed/dbwebb-kurser/mvc/me/report/tests/BlackJack/DeckOfCardsTest.php" line="171" assertions="2" time="0.004340"/>
      </testsuite>
      <testsuite name="App\BlackJack\GameTest" file="/home/abed/dbwebb-kurser/mvc/me/report/tests/BlackJack/GameTest.php" tests="8" assertions="20" errors="0" warnings="0" failures="0" skipped="0" time="0.011251">
        <testcase name="testCreateGame" class="App\BlackJack\GameTest" classname="App.BlackJack.GameTest" file="/home/abed/dbwebb-kurser/mvc/me/report/tests/BlackJack/GameTest.php" line="22" assertions="3" time="0.002220"/>
        <testcase name="testChangeNumHands" class="App\BlackJack\GameTest" classname="App.BlackJack.GameTest" file="/home/abed/dbwebb-kurser/mvc/me/report/tests/BlackJack/GameTest.php" line="37" assertions="3" time="0.002187"/>
        <testcase name="testChangeIntelligenceLevel" class="App\BlackJack\GameTest" classname="App.BlackJack.GameTest" file="/home/abed/dbwebb-kurser/mvc/me/report/tests/BlackJack/GameTest.php" line="54" assertions="3" time="0.000439"/>
        <testcase name="testShareCards" class="App\BlackJack\GameTest" classname="App.BlackJack.GameTest" file="/home/abed/dbwebb-kurser/mvc/me/report/tests/BlackJack/GameTest.php" line="72" assertions="4" time="0.001910"/>
        <testcase name="testPlayerSplit" class="App\BlackJack\GameTest" classname="App.BlackJack.GameTest" file="/home/abed/dbwebb-kurser/mvc/me/report/tests/BlackJack/GameTest.php" line="103" assertions="2" time="0.001417"/>
        <testcase name="testWinners" class="App\BlackJack\GameTest" classname="App.BlackJack.GameTest" file="/home/abed/dbwebb-kurser/mvc/me/report/tests/BlackJack/GameTest.php" line="140" assertions="2" time="0.000878"/>
        <testcase name="testWinners2" class="App\BlackJack\GameTest" classname="App.BlackJack.GameTest" file="/home/abed/dbwebb-kurser/mvc/me/report/tests/BlackJack/GameTest.php" line="169" assertions="2" time="0.001132"/>
        <testcase name="testDrawGame" class="App\BlackJack\GameTest" classname="App.BlackJack.GameTest" file="/home/abed/dbwebb-kurser/mvc/me/report/tests/BlackJack/GameTest.php" line="205" assertions="1" time="0.001069"/>
      </testsuite>
      <testsuite name="App\BlackJack\GraficCardTest" file="/home/abed/dbwebb-kurser/mvc/me/report/tests/BlackJack/GraficCardTest.php" tests="2" assertions="3" errors="0" warnings="0" failures="0" skipped="0" time="0.000814">
        <testcase name="testCreateCard" class="App\BlackJack\GraficCardTest" classname="App.BlackJack.GraficCardTest" file="/home/abed/dbwebb-kurser/mvc/me/report/tests/BlackJack/GraficCardTest.php" line="17" assertions="1" time="0.000408"/>
        <testcase name="testGetCard" class="App\BlackJack\GraficCardTest" classname="App.BlackJack.GraficCardTest" file="/home/abed/dbwebb-kurser/mvc/me/report/tests/BlackJack/GraficCardTest.php" line="28" assertions="2" time="0.000406"/>
      </testsuite>
      <testsuite name="App\BlackJack\PlayerSecondTest" file="/home/abed/dbwebb-kurser/mvc/me/report/tests/BlackJack/PlayerSecondTest.php" tests="6" assertions="27" errors="0" warnings="0" failures="0" skipped="0" time="0.004574">
        <testcase name="testBetting" class="App\BlackJack\PlayerSecondTest" classname="App.BlackJack.PlayerSecondTest" file="/home/abed/dbwebb-kurser/mvc/me/report/tests/BlackJack/PlayerSecondTest.php" line="12" assertions="6" time="0.000465"/>
        <testcase name="testWinTokens" class="App\BlackJack\PlayerSecondTest" classname="App.BlackJack.PlayerSecondTest" file="/home/abed/dbwebb-kurser/mvc/me/report/tests/BlackJack/PlayerSecondTest.php" line="42" assertions="2" time="0.000369"/>
        <testcase name="testEqual" class="App\BlackJack\PlayerSecondTest" classname="App.BlackJack.PlayerSecondTest" file="/home/abed/dbwebb-kurser/mvc/me/report/tests/BlackJack/PlayerSecondTest.php" line="58" assertions="2" time="0.000637"/>
        <testcase name="testGetSetHands" class="App\BlackJack\PlayerSecondTest" classname="App.BlackJack.PlayerSecondTest" file="/home/abed/dbwebb-kurser/mvc/me/report/tests/BlackJack/PlayerSecondTest.php" line="74" assertions="2" time="0.000596"/>
        <testcase name="testSplitHands" class="App\BlackJack\PlayerSecondTest" classname="App.BlackJack.PlayerSecondTest" file="/home/abed/dbwebb-kurser/mvc/me/report/tests/BlackJack/PlayerSecondTest.php" line="89" assertions="4" time="0.001414"/>
        <testcase name="testSplit" class="App\BlackJack\PlayerSecondTest" classname="App.BlackJack.PlayerSecondTest" file="/home/abed/dbwebb-kurser/mvc/me/report/tests/BlackJack/PlayerSecondTest.php" line="128" assertions="11" time="0.001092"/>
      </testsuite>
      <testsuite name="App\BlackJack\PlayerTest" file="/home/abed/dbwebb-kurser/mvc/me/report/tests/BlackJack/PlayerTest.php" tests="7" assertions="21" errors="0" warnings="0" failures="0" skipped="0" time="0.005922">
        <testcase name="testCreatePlayer" class="App\BlackJack\PlayerTest" classname="App.BlackJack.PlayerTest" file="/home/abed/dbwebb-kurser/mvc/me/report/tests/BlackJack/PlayerTest.php" line="17" assertions="1" time="0.000401"/>
        <testcase name="testGetHandPlayer" class="App\BlackJack\PlayerTest" classname="App.BlackJack.PlayerTest" file="/home/abed/dbwebb-kurser/mvc/me/report/tests/BlackJack/PlayerTest.php" line="28" assertions="10" time="0.000965"/>
        <testcase name="testBalance" class="App\BlackJack\PlayerTest" classname="App.BlackJack.PlayerTest" file="/home/abed/dbwebb-kurser/mvc/me/report/tests/BlackJack/PlayerTest.php" line="64" assertions="1" time="0.000352"/>
        <testcase name="testHands" class="App\BlackJack\PlayerTest" classname="App.BlackJack.PlayerTest" file="/home/abed/dbwebb-kurser/mvc/me/report/tests/BlackJack/PlayerTest.php" line="72" assertions="3" time="0.000597"/>
        <testcase name="testLogicPlayer" class="App\BlackJack\PlayerTest" classname="App.BlackJack.PlayerTest" file="/home/abed/dbwebb-kurser/mvc/me/report/tests/BlackJack/PlayerTest.php" line="93" assertions="2" time="0.001531"/>
        <testcase name="testGetScorePlayer" class="App\BlackJack\PlayerTest" classname="App.BlackJack.PlayerTest" file="/home/abed/dbwebb-kurser/mvc/me/report/tests/BlackJack/PlayerTest.php" line="121" assertions="3" time="0.001269"/>
        <testcase name="testGetScoreEssPlayer" class="App\BlackJack\PlayerTest" classname="App.BlackJack.PlayerTest" file="/home/abed/dbwebb-kurser/mvc/me/report/tests/BlackJack/PlayerTest.php" line="161" assertions="1" time="0.000808"/>
      </testsuite>
      <testsuite name="App\Entity\BooksTest" file="/home/abed/dbwebb-kurser/mvc/me/report/tests/Books/BooksTest.php" tests="4" assertions="4" errors="0" warnings="0" failures="0" skipped="0" time="0.001990">
        <testcase name="testSetAndGetTitle" class="App\Entity\BooksTest" classname="App.Entity.BooksTest" file="/home/abed/dbwebb-kurser/mvc/me/report/tests/Books/BooksTest.php" line="19" assertions="1" time="0.000932"/>
        <testcase name="testSetAndGetIsbn" class="App\Entity\BooksTest" classname="App.Entity.BooksTest" file="/home/abed/dbwebb-kurser/mvc/me/report/tests/Books/BooksTest.php" line="27" assertions="1" time="0.000394"/>
        <testcase name="testSetAndGetAuthor" class="App\Entity\BooksTest" classname="App.Entity.BooksTest" file="/home/abed/dbwebb-kurser/mvc/me/report/tests/Books/BooksTest.php" line="35" assertions="1" time="0.000338"/>
        <testcase name="testSetAndGetImageUrl" class="App\Entity\BooksTest" classname="App.Entity.BooksTest" file="/home/abed/dbwebb-kurser/mvc/me/report/tests/Books/BooksTest.php" line="43" assertions="1" time="0.000326"/>
      </testsuite>
      <testsuite name="App\Game\BankTest" file="/home/abed/dbwebb-kurser/mvc/me/report/tests/Game/BankTest.php" tests="5" assertions="9" errors="0" warnings="0" failures="0" skipped="0" time="0.009312">
        <testcase name="testCreateBank" class="App\Game\BankTest" classname="App.Game.BankTest" file="/home/abed/dbwebb-kurser/mvc/me/report/tests/Game/BankTest.php" line="17" assertions="1" time="0.001071"/>
        <testcase name="testGetHandBank" class="App\Game\BankTest" classname="App.Game.BankTest" file="/home/abed/dbwebb-kurser/mvc/me/report/tests/Game/BankTest.php" line="28" assertions="5" time="0.001084"/>
        <testcase name="testGetScoreBank" class="App\Game\BankTest" classname="App.Game.BankTest" file="/home/abed/dbwebb-kurser/mvc/me/report/tests/Game/BankTest.php" line="52" assertions="1" time="0.004133"/>
        <testcase name="testGetScoreEssBank" class="App\Game\BankTest" classname="App.Game.BankTest" file="/home/abed/dbwebb-kurser/mvc/me/report/tests/Game/BankTest.php" line="73" assertions="1" time="0.000691"/>
        <testcase name="testLogicBank" class="App\Game\BankTest" classname="App.Game.BankTest" file="/home/abed/dbwebb-kurser/mvc/me/report/tests/Game/BankTest.php" line="93" assertions="1" time="0.002333"/>
      </testsuite>
      <testsuite name="App\Game\CardTest" file="/home/abed/dbwebb-kurser/mvc/me/report/tests/Game/CardsTest.php" tests="4" assertions="7" errors="0" warnings="0" failures="0" skipped="0" time="0.001814">
        <testcase name="testCreateCard" class="App\Game\CardTest" classname="App.Game.CardTest" file="/home/abed/dbwebb-kurser/mvc/me/report/tests/Game/CardsTest.php" line="17" assertions="1" time="0.000400"/>
        <testcase name="testGetValueCard" class="App\Game\CardTest" classname="App.Game.CardTest" file="/home/abed/dbwebb-kurser/mvc/me/report/tests/Game/CardsTest.php" line="28" assertions="2" time="0.000523"/>
        <testcase name="testGetSuitCard" class="App\Game\CardTest" classname="App.Game.CardTest" file="/home/abed/dbwebb-kurser/mvc/me/report/tests/Game/CardsTest.php" line="42" assertions="2" time="0.000395"/>
        <testcase name="testGetCard" class="App\Game\CardTest" classname="App.Game.CardTest" file="/home/abed/dbwebb-kurser/mvc/me/report/tests/Game/CardsTest.php" line="56" assertions="2" time="0.000495"/>
      </testsuite>
      <testsuite name="App\Game\DeckOfCardsTest" file="/home/abed/dbwebb-kurser/mvc/me/report/tests/Game/DeckOfCardsTest.php" tests="5" assertions="10" errors="0" warnings="0" failures="0" skipped="0" time="0.013232">
        <testcase name="testCreateDeckOfCard" class="App\Game\DeckOfCardsTest" classname="App.Game.DeckOfCardsTest" file="/home/abed/dbwebb-kurser/mvc/me/report/tests/Game/DeckOfCardsTest.php" line="17" assertions="1" time="0.000783"/>
        <testcase name="testGetCards" class="App\Game\DeckOfCardsTest" classname="App.Game.DeckOfCardsTest" file="/home/abed/dbwebb-kurser/mvc/me/report/tests/Game/DeckOfCardsTest.php" line="28" assertions="2" time="0.000922"/>
        <testcase name="testShuffleCards" class="App\Game\DeckOfCardsTest" classname="App.Game.DeckOfCardsTest" file="/home/abed/dbwebb-kurser/mvc/me/report/tests/Game/DeckOfCardsTest.php" line="42" assertions="3" time="0.009663"/>
        <testcase name="testCountCards" class="App\Game\DeckOfCardsTest" classname="App.Game.DeckOfCardsTest" file="/home/abed/dbwebb-kurser/mvc/me/report/tests/Game/DeckOfCardsTest.php" line="59" assertions="1" time="0.000952"/>
        <testcase name="testDrawCards" class="App\Game\DeckOfCardsTest" classname="App.Game.DeckOfCardsTest" file="/home/abed/dbwebb-kurser/mvc/me/report/tests/Game/DeckOfCardsTest.php" line="72" assertions="3" time="0.000911"/>
      </testsuite>
      <testsuite name="App\Game\GameTest" file="/home/abed/dbwebb-kurser/mvc/me/report/tests/Game/GameTest.php" tests="5" assertions="15" errors="0" warnings="0" failures="0" skipped="0" time="0.007123">
        <testcase name="testCreateGame" class="App\Game\GameTest" classname="App.Game.GameTest" file="/home/abed/dbwebb-kurser/mvc/me/report/tests/Game/GameTest.php" line="22" assertions="3" time="0.001498"/>
        <testcase name="testPlayerWinGame" class="App\Game\GameTest" classname="App.Game.GameTest" file="/home/abed/dbwebb-kurser/mvc/me/report/tests/Game/GameTest.php" line="37" assertions="3" time="0.001225"/>
        <testcase name="testBankWinGame" class="App\Game\GameTest" classname="App.Game.GameTest" file="/home/abed/dbwebb-kurser/mvc/me/report/tests/Game/GameTest.php" line="63" assertions="3" time="0.002971"/>
        <testcase name="testBankLoseGame" class="App\Game\GameTest" classname="App.Game.GameTest" file="/home/abed/dbwebb-kurser/mvc/me/report/tests/Game/GameTest.php" line="90" assertions="3" time="0.000594"/>
        <testcase name="testDrawGame" class="App\Game\GameTest" classname="App.Game.GameTest" file="/home/abed/dbwebb-kurser/mvc/me/report/tests/Game/GameTest.php" line="115" assertions="3" time="0.000835"/>
      </testsuite>
      <testsuite name="App\Game\GraficCardTest" file="/home/abed/dbwebb-kurser/mvc/me/report/tests/Game/GraficCardTest.php" tests="2" assertions="3" errors="0" warnings="0" failures="0" skipped="0" time="0.000768">
        <testcase name="testCreateCard" class="App\Game\GraficCardTest" classname="App.Game.GraficCardTest" file="/home/abed/dbwebb-kurser/mvc/me/report/tests/Game/GraficCardTest.php" line="17" assertions="1" time="0.000388"/>
        <testcase name="testGetCard" class="App\Game\GraficCardTest" classname="App.Game.GraficCardTest" file="/home/abed/dbwebb-kurser/mvc/me/report/tests/Game/GraficCardTest.php" line="28" assertions="2" time="0.000381"/>
      </testsuite>
      <testsuite name="App\Game\PlayerTest" file="/home/abed/dbwebb-kurser/mvc/me/report/tests/Game/PlayerTest.php" tests="5" assertions="10" errors="0" warnings="0" failures="0" skipped="0" time="0.005971">
        <testcase name="testCreatePlayer" class="App\Game\PlayerTest" classname="App.Game.PlayerTest" file="/home/abed/dbwebb-kurser/mvc/me/report/tests/Game/PlayerTest.php" line="17" assertions="1" time="0.000399"/>
        <testcase name="testGetHandPlayer" class="App\Game\PlayerTest" classname="App.Game.PlayerTest" file="/home/abed/dbwebb-kurser/mvc/me/report/tests/Game/PlayerTest.php" line="28" assertions="5" time="0.000901"/>
        <testcase name="testGetScorePlayer" class="App\Game\PlayerTest" classname="App.Game.PlayerTest" file="/home/abed/dbwebb-kurser/mvc/me/report/tests/Game/PlayerTest.php" line="56" assertions="1" time="0.003092"/>
        <testcase name="testGetScoreEssPlayer" class="App\Game\PlayerTest" classname="App.Game.PlayerTest" file="/home/abed/dbwebb-kurser/mvc/me/report/tests/Game/PlayerTest.php" line="88" assertions="1" time="0.000801"/>
        <testcase name="testLogicPlayer" class="App\Game\PlayerTest" classname="App.Game.PlayerTest" file="/home/abed/dbwebb-kurser/mvc/me/report/tests/Game/PlayerTest.php" line="112" assertions="2" time="0.000778"/>
      </testsuite>
      <testsuite name="App\Game\UnicodeCardsTest" file="/home/abed/dbwebb-kurser/mvc/me/report/tests/Game/UnicodeCardsTest.php" tests="2" assertions="3" errors="0" warnings="0" failures="0" skipped="0" time="0.001546">
        <testcase name="testCreateUnicodeCard" class="App\Game\UnicodeCardsTest" classname="App.Game.UnicodeCardsTest" file="/home/abed/dbwebb-kurser/mvc/me/report/tests/Game/UnicodeCardsTest.php" line="17" assertions="1" time="0.000897"/>
        <testcase name="testGetCard" class="App\Game\UnicodeCardsTest" classname="App.Game.UnicodeCardsTest" file="/home/abed/dbwebb-kurser/mvc/me/report/tests/Game/UnicodeCardsTest.php" line="28" assertions="2" time="0.000649"/>
      </testsuite>
    </testsuite>
  </testsuite>
</testsuites>
